<?xml version="1.0" encoding="UTF-8"?>
<testsuite name="me.seunghak.springboot.web.IndexControllerTest" tests="1" skipped="0" failures="0" errors="0" timestamp="2021-04-28T09:39:58" hostname="DESKTOP-R9SGNGA" time="0.498">
  <properties/>
  <testcase name="메인페이지_로딩" classname="me.seunghak.springboot.web.IndexControllerTest" time="0.498"/>
  <system-out><![CDATA[2021-04-28 18:39:51.468  INFO 7196 --- [    Test worker] .b.t.c.SpringBootTestContextBootstrapper : Neither @ContextConfiguration nor @ContextHierarchy found for test class [me.seunghak.springboot.web.IndexControllerTest], using SpringBootContextLoader
2021-04-28 18:39:51.476  INFO 7196 --- [    Test worker] o.s.t.c.support.AbstractContextLoader    : Could not detect default resource locations for test class [me.seunghak.springboot.web.IndexControllerTest]: no resource found for suffixes {-context.xml, Context.groovy}.
2021-04-28 18:39:51.483  INFO 7196 --- [    Test worker] t.c.s.AnnotationConfigContextLoaderUtils : Could not detect default configuration classes for test class [me.seunghak.springboot.web.IndexControllerTest]: IndexControllerTest does not declare any static, non-private, non-final, nested classes annotated with @Configuration.
2021-04-28 18:39:51.499  INFO 7196 --- [    Test worker] .b.t.c.SpringBootTestContextBootstrapper : Found @SpringBootConfiguration me.seunghak.springboot.Application for test class me.seunghak.springboot.web.IndexControllerTest
2021-04-28 18:39:51.504  INFO 7196 --- [    Test worker] .b.t.c.SpringBootTestContextBootstrapper : Loaded default TestExecutionListener class names from location [META-INF/spring.factories]: [org.springframework.security.test.context.support.WithSecurityContextTestExecutionListener, org.springframework.security.test.context.support.ReactorContextTestExecutionListener, org.springframework.boot.test.autoconfigure.restdocs.RestDocsTestExecutionListener, org.springframework.boot.test.autoconfigure.web.client.MockRestServiceServerResetTestExecutionListener, org.springframework.boot.test.autoconfigure.web.servlet.MockMvcPrintOnlyOnFailureTestExecutionListener, org.springframework.boot.test.autoconfigure.web.servlet.WebDriverTestExecutionListener, org.springframework.boot.test.mock.mockito.MockitoTestExecutionListener, org.springframework.boot.test.mock.mockito.ResetMocksTestExecutionListener, org.springframework.test.context.web.ServletTestExecutionListener, org.springframework.test.context.support.DirtiesContextBeforeModesTestExecutionListener, org.springframework.test.context.support.DependencyInjectionTestExecutionListener, org.springframework.test.context.support.DirtiesContextTestExecutionListener, org.springframework.test.context.transaction.TransactionalTestExecutionListener, org.springframework.test.context.jdbc.SqlScriptsTestExecutionListener]
2021-04-28 18:39:51.510  INFO 7196 --- [    Test worker] .b.t.c.SpringBootTestContextBootstrapper : Using TestExecutionListeners: [org.springframework.test.context.web.ServletTestExecutionListener@5017c448, org.springframework.test.context.support.DirtiesContextBeforeModesTestExecutionListener@40bdd6f3, org.springframework.boot.test.mock.mockito.MockitoTestExecutionListener@3dd0adb0, org.springframework.boot.test.autoconfigure.SpringBootDependencyInjectionTestExecutionListener@69b3cb6f, org.springframework.test.context.support.DirtiesContextTestExecutionListener@7e86795, org.springframework.test.context.transaction.TransactionalTestExecutionListener@294c33d5, org.springframework.test.context.jdbc.SqlScriptsTestExecutionListener@1149a661, org.springframework.security.test.context.support.WithSecurityContextTestExecutionListener@66d6ef94, org.springframework.security.test.context.support.ReactorContextTestExecutionListener@22c6e814, org.springframework.boot.test.autoconfigure.restdocs.RestDocsTestExecutionListener@6a5ca502, org.springframework.boot.test.autoconfigure.web.client.MockRestServiceServerResetTestExecutionListener@36fa7c86, org.springframework.boot.test.autoconfigure.web.servlet.MockMvcPrintOnlyOnFailureTestExecutionListener@67018f82, org.springframework.boot.test.autoconfigure.web.servlet.WebDriverTestExecutionListener@72925d3e, org.springframework.boot.test.mock.mockito.ResetMocksTestExecutionListener@7d6982db]

  .   ____          _            __ _ _
 /\\ / ___'_ __ _ _(_)_ __  __ _ \ \ \ \
( ( )\___ | '_ | '_| | '_ \/ _` | \ \ \ \
 \\/  ___)| |_)| | | | | || (_| |  ) ) ) )
  '  |____| .__|_| |_|_| |_\__, | / / / /
 =========|_|==============|___/=/_/_/_/
 :: Spring Boot ::        (v2.1.7.RELEASE)

2021-04-28 18:39:51.711  INFO 7196 --- [    Test worker] m.s.springboot.web.IndexControllerTest   : Starting IndexControllerTest on DESKTOP-R9SGNGA with PID 7196 (started by watoz in C:\Users\watoz\IdeaProjects\practice\freelec-springboot2-webservice)
2021-04-28 18:39:51.711  INFO 7196 --- [    Test worker] m.s.springboot.web.IndexControllerTest   : The following profiles are active: oauth
2021-04-28 18:39:52.391  INFO 7196 --- [    Test worker] .s.d.r.c.RepositoryConfigurationDelegate : Bootstrapping Spring Data repositories in DEFAULT mode.
2021-04-28 18:39:52.466  INFO 7196 --- [    Test worker] .s.d.r.c.RepositoryConfigurationDelegate : Finished Spring Data repository scanning in 75ms. Found 2 repository interfaces.
2021-04-28 18:39:52.766  INFO 7196 --- [    Test worker] trationDelegate$BeanPostProcessorChecker : Bean 'org.springframework.transaction.annotation.ProxyTransactionManagementConfiguration' of type [org.springframework.transaction.annotation.ProxyTransactionManagementConfiguration$$EnhancerBySpringCGLIB$$61769d9e] is not eligible for getting processed by all BeanPostProcessors (for example: not eligible for auto-proxying)
2021-04-28 18:39:53.391  INFO 7196 --- [    Test worker] o.s.b.w.embedded.tomcat.TomcatWebServer  : Tomcat initialized with port(s): 0 (http)
2021-04-28 18:39:53.463  INFO 7196 --- [    Test worker] o.apache.catalina.core.StandardService   : Starting service [Tomcat]
2021-04-28 18:39:53.468  INFO 7196 --- [    Test worker] org.apache.catalina.core.StandardEngine  : Starting Servlet engine: [Apache Tomcat/9.0.22]
2021-04-28 18:39:54.089  INFO 7196 --- [    Test worker] o.a.c.c.C.[Tomcat].[localhost].[/]       : Initializing Spring embedded WebApplicationContext
2021-04-28 18:39:54.090  INFO 7196 --- [    Test worker] o.s.web.context.ContextLoader            : Root WebApplicationContext: initialization completed in 2370 ms
2021-04-28 18:39:54.615  INFO 7196 --- [    Test worker] com.zaxxer.hikari.HikariDataSource       : HikariPool-2 - Starting...
2021-04-28 18:39:54.618  INFO 7196 --- [    Test worker] com.zaxxer.hikari.HikariDataSource       : HikariPool-2 - Start completed.
2021-04-28 18:39:54.725  INFO 7196 --- [    Test worker] o.hibernate.jpa.internal.util.LogHelper  : HHH000204: Processing PersistenceUnitInfo [
	name: default
	...]
2021-04-28 18:39:54.766  INFO 7196 --- [    Test worker] org.hibernate.dialect.Dialect            : HHH000400: Using dialect: org.hibernate.dialect.MySQL5InnoDBDialect
Hibernate: drop table if exists posts
Hibernate: drop table if exists user
Hibernate: create table posts (id bigint not null auto_increment, created_date datetime, modified_date datetime, author varchar(255), content TEXT not null, title varchar(500) not null, primary key (id)) engine=InnoDB
Hibernate: create table user (id bigint not null auto_increment, created_date datetime, modified_date datetime, email varchar(255) not null, name varchar(255) not null, picture varchar(255), role varchar(255) not null, primary key (id)) engine=InnoDB
2021-04-28 18:39:54.929  INFO 7196 --- [    Test worker] o.h.t.schema.internal.SchemaCreatorImpl  : HHH000476: Executing import script 'org.hibernate.tool.schema.internal.exec.ScriptSourceInputNonExistentImpl@49ea9643'
2021-04-28 18:39:54.929  INFO 7196 --- [    Test worker] j.LocalContainerEntityManagerFactoryBean : Initialized JPA EntityManagerFactory for persistence unit 'default'
2021-04-28 18:39:55.930  INFO 7196 --- [    Test worker] o.h.h.i.QueryTranslatorFactoryInitiator  : HHH000397: Using ASTQueryTranslatorFactory
2021-04-28 18:39:56.494  INFO 7196 --- [    Test worker] o.s.s.web.DefaultSecurityFilterChain     : Creating filter chain: any request, [org.springframework.security.web.context.request.async.WebAsyncManagerIntegrationFilter@3cf9872f, org.springframework.security.web.context.SecurityContextPersistenceFilter@7c7d6796, org.springframework.security.web.header.HeaderWriterFilter@7b290956, org.springframework.security.web.authentication.logout.LogoutFilter@3cd86075, org.springframework.security.oauth2.client.web.OAuth2AuthorizationRequestRedirectFilter@4d1b6691, org.springframework.security.oauth2.client.web.OAuth2LoginAuthenticationFilter@32fdf1bf, org.springframework.security.web.authentication.ui.DefaultLoginPageGeneratingFilter@2b8ef345, org.springframework.security.web.authentication.ui.DefaultLogoutPageGeneratingFilter@3c8bd967, org.springframework.security.web.savedrequest.RequestCacheAwareFilter@712475ae, org.springframework.security.web.servletapi.SecurityContextHolderAwareRequestFilter@42f4b165, org.springframework.security.web.authentication.AnonymousAuthenticationFilter@2a320f89, org.springframework.security.web.session.SessionManagementFilter@3a1a6127, org.springframework.security.web.access.ExceptionTranslationFilter@541b29ee, org.springframework.security.web.access.intercept.FilterSecurityInterceptor@4aa94b7c]
2021-04-28 18:39:57.007  INFO 7196 --- [    Test worker] o.s.s.concurrent.ThreadPoolTaskExecutor  : Initializing ExecutorService 'applicationTaskExecutor'
2021-04-28 18:39:57.040  WARN 7196 --- [    Test worker] aWebConfiguration$JpaWebMvcConfiguration : spring.jpa.open-in-view is enabled by default. Therefore, database queries may be performed during view rendering. Explicitly configure spring.jpa.open-in-view to disable this warning
2021-04-28 18:39:57.113  INFO 7196 --- [    Test worker] o.s.b.a.w.s.WelcomePageHandlerMapping    : Adding welcome page template: index
2021-04-28 18:39:58.028  INFO 7196 --- [    Test worker] s.a.ScheduledAnnotationBeanPostProcessor : No TaskScheduler/ScheduledExecutorService bean found for scheduled processing
2021-04-28 18:39:58.077  INFO 7196 --- [    Test worker] o.s.b.w.embedded.tomcat.TomcatWebServer  : Tomcat started on port(s): 64996 (http) with context path ''
2021-04-28 18:39:58.079  INFO 7196 --- [    Test worker] m.s.springboot.web.IndexControllerTest   : Started IndexControllerTest in 6.562 seconds (JVM running for 33.253)
2021-04-28 18:39:58.323  INFO 7196 --- [o-auto-1-exec-1] o.a.c.c.C.[Tomcat].[localhost].[/]       : Initializing Spring DispatcherServlet 'dispatcherServlet'
2021-04-28 18:39:58.323  INFO 7196 --- [o-auto-1-exec-1] o.s.web.servlet.DispatcherServlet        : Initializing Servlet 'dispatcherServlet'
2021-04-28 18:39:58.379  INFO 7196 --- [o-auto-1-exec-1] o.s.web.servlet.DispatcherServlet        : Completed initialization in 55 ms
Hibernate: select posts0_.id as id1_0_, posts0_.created_date as created_2_0_, posts0_.modified_date as modified3_0_, posts0_.author as author4_0_, posts0_.content as content5_0_, posts0_.title as title6_0_ from posts posts0_ order by posts0_.id desc
]]></system-out>
  <system-err><![CDATA[]]></system-err>
</testsuite>
