<?xml version="1.0" encoding="UTF-8"?>
<testsuite name="me.seunghak.springboot.web.PostsApiControllerTest" tests="2" skipped="0" failures="0" errors="0" timestamp="2021-04-28T11:09:36" hostname="DESKTOP-R9SGNGA" time="0.634">
  <properties/>
  <testcase name="Posts_등록된다" classname="me.seunghak.springboot.web.PostsApiControllerTest" time="0.522"/>
  <testcase name="Posts_수정된다" classname="me.seunghak.springboot.web.PostsApiControllerTest" time="0.109"/>
  <system-out><![CDATA[2021-04-28 20:09:35.935  INFO 1764 --- [    Test worker] .b.t.c.SpringBootTestContextBootstrapper : Neither @ContextConfiguration nor @ContextHierarchy found for test class [me.seunghak.springboot.web.PostsApiControllerTest], using SpringBootContextLoader
2021-04-28 20:09:35.939  INFO 1764 --- [    Test worker] o.s.t.c.support.AbstractContextLoader    : Could not detect default resource locations for test class [me.seunghak.springboot.web.PostsApiControllerTest]: no resource found for suffixes {-context.xml, Context.groovy}.
2021-04-28 20:09:35.939  INFO 1764 --- [    Test worker] t.c.s.AnnotationConfigContextLoaderUtils : Could not detect default configuration classes for test class [me.seunghak.springboot.web.PostsApiControllerTest]: PostsApiControllerTest does not declare any static, non-private, non-final, nested classes annotated with @Configuration.
2021-04-28 20:09:35.943  INFO 1764 --- [    Test worker] .b.t.c.SpringBootTestContextBootstrapper : Found @SpringBootConfiguration me.seunghak.springboot.Application for test class me.seunghak.springboot.web.PostsApiControllerTest
2021-04-28 20:09:35.946  INFO 1764 --- [    Test worker] .b.t.c.SpringBootTestContextBootstrapper : Loaded default TestExecutionListener class names from location [META-INF/spring.factories]: [org.springframework.security.test.context.support.WithSecurityContextTestExecutionListener, org.springframework.security.test.context.support.ReactorContextTestExecutionListener, org.springframework.boot.test.autoconfigure.restdocs.RestDocsTestExecutionListener, org.springframework.boot.test.autoconfigure.web.client.MockRestServiceServerResetTestExecutionListener, org.springframework.boot.test.autoconfigure.web.servlet.MockMvcPrintOnlyOnFailureTestExecutionListener, org.springframework.boot.test.autoconfigure.web.servlet.WebDriverTestExecutionListener, org.springframework.boot.test.mock.mockito.MockitoTestExecutionListener, org.springframework.boot.test.mock.mockito.ResetMocksTestExecutionListener, org.springframework.test.context.web.ServletTestExecutionListener, org.springframework.test.context.support.DirtiesContextBeforeModesTestExecutionListener, org.springframework.test.context.support.DependencyInjectionTestExecutionListener, org.springframework.test.context.support.DirtiesContextTestExecutionListener, org.springframework.test.context.transaction.TransactionalTestExecutionListener, org.springframework.test.context.jdbc.SqlScriptsTestExecutionListener]
2021-04-28 20:09:35.951  INFO 1764 --- [    Test worker] .b.t.c.SpringBootTestContextBootstrapper : Using TestExecutionListeners: [org.springframework.test.context.web.ServletTestExecutionListener@47d85038, org.springframework.test.context.support.DirtiesContextBeforeModesTestExecutionListener@1cd31b95, org.springframework.boot.test.mock.mockito.MockitoTestExecutionListener@6a7f4157, org.springframework.boot.test.autoconfigure.SpringBootDependencyInjectionTestExecutionListener@11432131, org.springframework.test.context.support.DirtiesContextTestExecutionListener@141ffab1, org.springframework.test.context.transaction.TransactionalTestExecutionListener@10945414, org.springframework.test.context.jdbc.SqlScriptsTestExecutionListener@71daa8, org.springframework.security.test.context.support.WithSecurityContextTestExecutionListener@8b3293e, org.springframework.security.test.context.support.ReactorContextTestExecutionListener@631290eb, org.springframework.boot.test.autoconfigure.restdocs.RestDocsTestExecutionListener@51945c69, org.springframework.boot.test.autoconfigure.web.client.MockRestServiceServerResetTestExecutionListener@5f3e7869, org.springframework.boot.test.autoconfigure.web.servlet.MockMvcPrintOnlyOnFailureTestExecutionListener@4e554069, org.springframework.boot.test.autoconfigure.web.servlet.WebDriverTestExecutionListener@39371480, org.springframework.boot.test.mock.mockito.ResetMocksTestExecutionListener@4a3360db]
2021-04-28 20:09:36.044  INFO 1764 --- [    Test worker] o.a.c.c.C.[Tomcat].[localhost].[/]       : Initializing Spring TestDispatcherServlet ''
2021-04-28 20:09:36.044  INFO 1764 --- [    Test worker] o.s.t.web.servlet.TestDispatcherServlet  : Initializing Servlet ''
2021-04-28 20:09:36.048  INFO 1764 --- [    Test worker] o.s.t.web.servlet.TestDispatcherServlet  : Completed initialization in 4 ms
Hibernate: insert into posts (created_date, modified_date, author, content, title) values (?, ?, ?, ?, ?)
Hibernate: select posts0_.id as id1_0_, posts0_.created_date as created_2_0_, posts0_.modified_date as modified3_0_, posts0_.author as author4_0_, posts0_.content as content5_0_, posts0_.title as title6_0_ from posts posts0_
Hibernate: select posts0_.id as id1_0_, posts0_.created_date as created_2_0_, posts0_.modified_date as modified3_0_, posts0_.author as author4_0_, posts0_.content as content5_0_, posts0_.title as title6_0_ from posts posts0_
Hibernate: delete from posts where id=?
2021-04-28 20:09:36.538  INFO 1764 --- [    Test worker] o.a.c.c.C.[Tomcat].[localhost].[/]       : Initializing Spring TestDispatcherServlet ''
2021-04-28 20:09:36.538  INFO 1764 --- [    Test worker] o.s.t.web.servlet.TestDispatcherServlet  : Initializing Servlet ''
2021-04-28 20:09:36.543  INFO 1764 --- [    Test worker] o.s.t.web.servlet.TestDispatcherServlet  : Completed initialization in 5 ms
Hibernate: insert into posts (created_date, modified_date, author, content, title) values (?, ?, ?, ?, ?)
Hibernate: select posts0_.id as id1_0_0_, posts0_.created_date as created_2_0_0_, posts0_.modified_date as modified3_0_0_, posts0_.author as author4_0_0_, posts0_.content as content5_0_0_, posts0_.title as title6_0_0_ from posts posts0_ where posts0_.id=?
Hibernate: update posts set created_date=?, modified_date=?, author=?, content=?, title=? where id=?
Hibernate: select posts0_.id as id1_0_, posts0_.created_date as created_2_0_, posts0_.modified_date as modified3_0_, posts0_.author as author4_0_, posts0_.content as content5_0_, posts0_.title as title6_0_ from posts posts0_
Hibernate: select posts0_.id as id1_0_, posts0_.created_date as created_2_0_, posts0_.modified_date as modified3_0_, posts0_.author as author4_0_, posts0_.content as content5_0_, posts0_.title as title6_0_ from posts posts0_
Hibernate: delete from posts where id=?
]]></system-out>
  <system-err><![CDATA[]]></system-err>
</testsuite>
