<?xml version="1.0" encoding="UTF-8"?>
<testsuite name="me.seunghak.springboot.web.IndexControllerTest" tests="1" skipped="0" failures="0" errors="0" timestamp="2021-04-28T11:09:35" hostname="DESKTOP-R9SGNGA" time="0.662">
  <properties/>
  <testcase name="메인페이지_로딩" classname="me.seunghak.springboot.web.IndexControllerTest" time="0.662"/>
  <system-out><![CDATA[2021-04-28 20:09:27.394  INFO 1764 --- [    Test worker] .b.t.c.SpringBootTestContextBootstrapper : Neither @ContextConfiguration nor @ContextHierarchy found for test class [me.seunghak.springboot.web.IndexControllerTest], using SpringBootContextLoader
2021-04-28 20:09:27.395  INFO 1764 --- [    Test worker] o.s.t.c.support.AbstractContextLoader    : Could not detect default resource locations for test class [me.seunghak.springboot.web.IndexControllerTest]: no resource found for suffixes {-context.xml, Context.groovy}.
2021-04-28 20:09:27.396  INFO 1764 --- [    Test worker] t.c.s.AnnotationConfigContextLoaderUtils : Could not detect default configuration classes for test class [me.seunghak.springboot.web.IndexControllerTest]: IndexControllerTest does not declare any static, non-private, non-final, nested classes annotated with @Configuration.
2021-04-28 20:09:27.400  INFO 1764 --- [    Test worker] .b.t.c.SpringBootTestContextBootstrapper : Found @SpringBootConfiguration me.seunghak.springboot.Application for test class me.seunghak.springboot.web.IndexControllerTest
2021-04-28 20:09:27.406  INFO 1764 --- [    Test worker] .b.t.c.SpringBootTestContextBootstrapper : Loaded default TestExecutionListener class names from location [META-INF/spring.factories]: [org.springframework.security.test.context.support.WithSecurityContextTestExecutionListener, org.springframework.security.test.context.support.ReactorContextTestExecutionListener, org.springframework.boot.test.autoconfigure.restdocs.RestDocsTestExecutionListener, org.springframework.boot.test.autoconfigure.web.client.MockRestServiceServerResetTestExecutionListener, org.springframework.boot.test.autoconfigure.web.servlet.MockMvcPrintOnlyOnFailureTestExecutionListener, org.springframework.boot.test.autoconfigure.web.servlet.WebDriverTestExecutionListener, org.springframework.boot.test.mock.mockito.MockitoTestExecutionListener, org.springframework.boot.test.mock.mockito.ResetMocksTestExecutionListener, org.springframework.test.context.web.ServletTestExecutionListener, org.springframework.test.context.support.DirtiesContextBeforeModesTestExecutionListener, org.springframework.test.context.support.DependencyInjectionTestExecutionListener, org.springframework.test.context.support.DirtiesContextTestExecutionListener, org.springframework.test.context.transaction.TransactionalTestExecutionListener, org.springframework.test.context.jdbc.SqlScriptsTestExecutionListener]
2021-04-28 20:09:27.410  INFO 1764 --- [    Test worker] .b.t.c.SpringBootTestContextBootstrapper : Using TestExecutionListeners: [org.springframework.test.context.web.ServletTestExecutionListener@fdab380, org.springframework.test.context.support.DirtiesContextBeforeModesTestExecutionListener@4d05c5b2, org.springframework.boot.test.mock.mockito.MockitoTestExecutionListener@3b72da35, org.springframework.boot.test.autoconfigure.SpringBootDependencyInjectionTestExecutionListener@2ed62464, org.springframework.test.context.support.DirtiesContextTestExecutionListener@744ad48d, org.springframework.test.context.transaction.TransactionalTestExecutionListener@1781b7e3, org.springframework.test.context.jdbc.SqlScriptsTestExecutionListener@3a8f6454, org.springframework.security.test.context.support.WithSecurityContextTestExecutionListener@25e58265, org.springframework.security.test.context.support.ReactorContextTestExecutionListener@7a9d4e8, org.springframework.boot.test.autoconfigure.restdocs.RestDocsTestExecutionListener@1d8d5551, org.springframework.boot.test.autoconfigure.web.client.MockRestServiceServerResetTestExecutionListener@5ce12f70, org.springframework.boot.test.autoconfigure.web.servlet.MockMvcPrintOnlyOnFailureTestExecutionListener@551e7823, org.springframework.boot.test.autoconfigure.web.servlet.WebDriverTestExecutionListener@1cd9e8fc, org.springframework.boot.test.mock.mockito.ResetMocksTestExecutionListener@6b0901eb]

  .   ____          _            __ _ _
 /\\ / ___'_ __ _ _(_)_ __  __ _ \ \ \ \
( ( )\___ | '_ | '_| | '_ \/ _` | \ \ \ \
 \\/  ___)| |_)| | | | | || (_| |  ) ) ) )
  '  |____| .__|_| |_|_| |_\__, | / / / /
 =========|_|==============|___/=/_/_/_/
 :: Spring Boot ::        (v2.1.7.RELEASE)

2021-04-28 20:09:27.551  INFO 1764 --- [    Test worker] m.s.springboot.web.IndexControllerTest   : Starting IndexControllerTest on DESKTOP-R9SGNGA with PID 1764 (started by watoz in C:\Users\watoz\IdeaProjects\practice\freelec-springboot2-webservice)
2021-04-28 20:09:27.551  INFO 1764 --- [    Test worker] m.s.springboot.web.IndexControllerTest   : The following profiles are active: oauth
2021-04-28 20:09:28.160  INFO 1764 --- [    Test worker] .s.d.r.c.RepositoryConfigurationDelegate : Bootstrapping Spring Data repositories in DEFAULT mode.
2021-04-28 20:09:28.230  INFO 1764 --- [    Test worker] .s.d.r.c.RepositoryConfigurationDelegate : Finished Spring Data repository scanning in 70ms. Found 2 repository interfaces.
2021-04-28 20:09:28.448  INFO 1764 --- [    Test worker] trationDelegate$BeanPostProcessorChecker : Bean 'org.springframework.transaction.annotation.ProxyTransactionManagementConfiguration' of type [org.springframework.transaction.annotation.ProxyTransactionManagementConfiguration$$EnhancerBySpringCGLIB$$a43ae615] is not eligible for getting processed by all BeanPostProcessors (for example: not eligible for auto-proxying)
2021-04-28 20:09:29.544  INFO 1764 --- [    Test worker] o.s.b.w.embedded.tomcat.TomcatWebServer  : Tomcat initialized with port(s): 0 (http)
2021-04-28 20:09:29.645  INFO 1764 --- [    Test worker] o.apache.catalina.core.StandardService   : Starting service [Tomcat]
2021-04-28 20:09:29.647  INFO 1764 --- [    Test worker] org.apache.catalina.core.StandardEngine  : Starting Servlet engine: [Apache Tomcat/9.0.22]
2021-04-28 20:09:30.226  INFO 1764 --- [    Test worker] o.a.c.c.C.[Tomcat].[localhost].[/]       : Initializing Spring embedded WebApplicationContext
2021-04-28 20:09:30.227  INFO 1764 --- [    Test worker] o.s.web.context.ContextLoader            : Root WebApplicationContext: initialization completed in 2670 ms
2021-04-28 20:09:31.173  INFO 1764 --- [    Test worker] com.zaxxer.hikari.HikariDataSource       : HikariPool-2 - Starting...
2021-04-28 20:09:31.189  INFO 1764 --- [    Test worker] com.zaxxer.hikari.HikariDataSource       : HikariPool-2 - Start completed.
2021-04-28 20:09:31.510  INFO 1764 --- [    Test worker] o.hibernate.jpa.internal.util.LogHelper  : HHH000204: Processing PersistenceUnitInfo [
	name: default
	...]
2021-04-28 20:09:31.566  INFO 1764 --- [    Test worker] org.hibernate.dialect.Dialect            : HHH000400: Using dialect: org.hibernate.dialect.MySQL5InnoDBDialect
Hibernate: drop table if exists posts
Hibernate: drop table if exists user
Hibernate: create table posts (id bigint not null auto_increment, created_date datetime, modified_date datetime, author varchar(255), content TEXT not null, title varchar(500) not null, primary key (id)) engine=InnoDB
Hibernate: create table user (id bigint not null auto_increment, created_date datetime, modified_date datetime, email varchar(255) not null, name varchar(255) not null, picture varchar(255), role varchar(255) not null, primary key (id)) engine=InnoDB
2021-04-28 20:09:31.843  INFO 1764 --- [    Test worker] o.h.t.schema.internal.SchemaCreatorImpl  : HHH000476: Executing import script 'org.hibernate.tool.schema.internal.exec.ScriptSourceInputNonExistentImpl@420b0314'
2021-04-28 20:09:31.844  INFO 1764 --- [    Test worker] j.LocalContainerEntityManagerFactoryBean : Initialized JPA EntityManagerFactory for persistence unit 'default'
2021-04-28 20:09:32.867  INFO 1764 --- [    Test worker] o.h.h.i.QueryTranslatorFactoryInitiator  : HHH000397: Using ASTQueryTranslatorFactory
2021-04-28 20:09:33.474  INFO 1764 --- [    Test worker] o.s.s.web.DefaultSecurityFilterChain     : Creating filter chain: any request, [org.springframework.security.web.context.request.async.WebAsyncManagerIntegrationFilter@51d1f4a6, org.springframework.security.web.context.SecurityContextPersistenceFilter@6bf34658, org.springframework.security.web.header.HeaderWriterFilter@6256c434, org.springframework.security.web.authentication.logout.LogoutFilter@281ec385, org.springframework.security.oauth2.client.web.OAuth2AuthorizationRequestRedirectFilter@4181a6ae, org.springframework.security.oauth2.client.web.OAuth2LoginAuthenticationFilter@2005afec, org.springframework.security.web.authentication.ui.DefaultLoginPageGeneratingFilter@59ae9f6e, org.springframework.security.web.authentication.ui.DefaultLogoutPageGeneratingFilter@2b090b2d, org.springframework.security.web.savedrequest.RequestCacheAwareFilter@2d3070d1, org.springframework.security.web.servletapi.SecurityContextHolderAwareRequestFilter@79137627, org.springframework.security.web.authentication.AnonymousAuthenticationFilter@67716c34, org.springframework.security.web.session.SessionManagementFilter@bc56b00, org.springframework.security.web.access.ExceptionTranslationFilter@7db76659, org.springframework.security.web.access.intercept.FilterSecurityInterceptor@119d67e6]
2021-04-28 20:09:34.074  INFO 1764 --- [    Test worker] o.s.s.concurrent.ThreadPoolTaskExecutor  : Initializing ExecutorService 'applicationTaskExecutor'
2021-04-28 20:09:34.106  WARN 1764 --- [    Test worker] aWebConfiguration$JpaWebMvcConfiguration : spring.jpa.open-in-view is enabled by default. Therefore, database queries may be performed during view rendering. Explicitly configure spring.jpa.open-in-view to disable this warning
2021-04-28 20:09:34.182  INFO 1764 --- [    Test worker] o.s.b.a.w.s.WelcomePageHandlerMapping    : Adding welcome page template: index
2021-04-28 20:09:35.207  INFO 1764 --- [    Test worker] s.a.ScheduledAnnotationBeanPostProcessor : No TaskScheduler/ScheduledExecutorService bean found for scheduled processing
2021-04-28 20:09:35.256  INFO 1764 --- [    Test worker] o.s.b.w.embedded.tomcat.TomcatWebServer  : Tomcat started on port(s): 51842 (http) with context path ''
2021-04-28 20:09:35.258  INFO 1764 --- [    Test worker] m.s.springboot.web.IndexControllerTest   : Started IndexControllerTest in 7.844 seconds (JVM running for 30.115)
2021-04-28 20:09:35.659  INFO 1764 --- [o-auto-1-exec-1] o.a.c.c.C.[Tomcat].[localhost].[/]       : Initializing Spring DispatcherServlet 'dispatcherServlet'
2021-04-28 20:09:35.659  INFO 1764 --- [o-auto-1-exec-1] o.s.web.servlet.DispatcherServlet        : Initializing Servlet 'dispatcherServlet'
2021-04-28 20:09:35.697  INFO 1764 --- [o-auto-1-exec-1] o.s.web.servlet.DispatcherServlet        : Completed initialization in 38 ms
Hibernate: select posts0_.id as id1_0_, posts0_.created_date as created_2_0_, posts0_.modified_date as modified3_0_, posts0_.author as author4_0_, posts0_.content as content5_0_, posts0_.title as title6_0_ from posts posts0_ order by posts0_.id desc
]]></system-out>
  <system-err><![CDATA[]]></system-err>
</testsuite>
