<?xml version="1.0" encoding="UTF-8"?>
<testsuite name="me.seunghak.springboot.web.HelloControllerTest" tests="2" skipped="0" failures="0" errors="0" timestamp="2021-04-28T11:09:27" hostname="DESKTOP-R9SGNGA" time="0.327">
  <properties/>
  <testcase name="hello가_리턴된다" classname="me.seunghak.springboot.web.HelloControllerTest" time="0.139"/>
  <testcase name="helloDto가_리턴된다" classname="me.seunghak.springboot.web.HelloControllerTest" time="0.187"/>
  <system-out><![CDATA[2021-04-28 20:09:24.418  INFO 1764 --- [    Test worker] .b.t.a.w.s.WebMvcTestContextBootstrapper : Neither @ContextConfiguration nor @ContextHierarchy found for test class [me.seunghak.springboot.web.HelloControllerTest], using SpringBootContextLoader
2021-04-28 20:09:24.427  INFO 1764 --- [    Test worker] o.s.t.c.support.AbstractContextLoader    : Could not detect default resource locations for test class [me.seunghak.springboot.web.HelloControllerTest]: no resource found for suffixes {-context.xml, Context.groovy}.
2021-04-28 20:09:24.427  INFO 1764 --- [    Test worker] t.c.s.AnnotationConfigContextLoaderUtils : Could not detect default configuration classes for test class [me.seunghak.springboot.web.HelloControllerTest]: HelloControllerTest does not declare any static, non-private, non-final, nested classes annotated with @Configuration.
2021-04-28 20:09:24.506  INFO 1764 --- [    Test worker] .b.t.c.SpringBootTestContextBootstrapper : Found @SpringBootConfiguration me.seunghak.springboot.Application for test class me.seunghak.springboot.web.HelloControllerTest
2021-04-28 20:09:24.527  INFO 1764 --- [    Test worker] .b.t.a.w.s.WebMvcTestContextBootstrapper : Loaded default TestExecutionListener class names from location [META-INF/spring.factories]: [org.springframework.security.test.context.support.WithSecurityContextTestExecutionListener, org.springframework.security.test.context.support.ReactorContextTestExecutionListener, org.springframework.boot.test.autoconfigure.restdocs.RestDocsTestExecutionListener, org.springframework.boot.test.autoconfigure.web.client.MockRestServiceServerResetTestExecutionListener, org.springframework.boot.test.autoconfigure.web.servlet.MockMvcPrintOnlyOnFailureTestExecutionListener, org.springframework.boot.test.autoconfigure.web.servlet.WebDriverTestExecutionListener, org.springframework.boot.test.mock.mockito.MockitoTestExecutionListener, org.springframework.boot.test.mock.mockito.ResetMocksTestExecutionListener, org.springframework.test.context.web.ServletTestExecutionListener, org.springframework.test.context.support.DirtiesContextBeforeModesTestExecutionListener, org.springframework.test.context.support.DependencyInjectionTestExecutionListener, org.springframework.test.context.support.DirtiesContextTestExecutionListener, org.springframework.test.context.transaction.TransactionalTestExecutionListener, org.springframework.test.context.jdbc.SqlScriptsTestExecutionListener]
2021-04-28 20:09:24.533  INFO 1764 --- [    Test worker] .b.t.a.w.s.WebMvcTestContextBootstrapper : Using TestExecutionListeners: [org.springframework.test.context.web.ServletTestExecutionListener@2c71977c, org.springframework.test.context.support.DirtiesContextBeforeModesTestExecutionListener@2dbd8dae, org.springframework.boot.test.mock.mockito.MockitoTestExecutionListener@661c36bb, org.springframework.boot.test.autoconfigure.SpringBootDependencyInjectionTestExecutionListener@13fff823, org.springframework.test.context.support.DirtiesContextTestExecutionListener@33155757, org.springframework.test.context.transaction.TransactionalTestExecutionListener@72846c66, org.springframework.test.context.jdbc.SqlScriptsTestExecutionListener@75aa3563, org.springframework.security.test.context.support.WithSecurityContextTestExecutionListener@19f8e515, org.springframework.security.test.context.support.ReactorContextTestExecutionListener@4ea692, org.springframework.boot.test.autoconfigure.restdocs.RestDocsTestExecutionListener@51781da1, org.springframework.boot.test.autoconfigure.web.client.MockRestServiceServerResetTestExecutionListener@755d2bc0, org.springframework.boot.test.autoconfigure.web.servlet.MockMvcPrintOnlyOnFailureTestExecutionListener@2b53a833, org.springframework.boot.test.autoconfigure.web.servlet.WebDriverTestExecutionListener@5e5ce1fd, org.springframework.boot.test.mock.mockito.ResetMocksTestExecutionListener@4fd86a82]

  .   ____          _            __ _ _
 /\\ / ___'_ __ _ _(_)_ __  __ _ \ \ \ \
( ( )\___ | '_ | '_| | '_ \/ _` | \ \ \ \
 \\/  ___)| |_)| | | | | || (_| |  ) ) ) )
  '  |____| .__|_| |_|_| |_\__, | / / / /
 =========|_|==============|___/=/_/_/_/
 :: Spring Boot ::        (v2.1.7.RELEASE)

2021-04-28 20:09:24.679  INFO 1764 --- [    Test worker] m.s.springboot.web.HelloControllerTest   : Starting HelloControllerTest on DESKTOP-R9SGNGA with PID 1764 (started by watoz in C:\Users\watoz\IdeaProjects\practice\freelec-springboot2-webservice)
2021-04-28 20:09:24.679  INFO 1764 --- [    Test worker] m.s.springboot.web.HelloControllerTest   : The following profiles are active: oauth
2021-04-28 20:09:25.876  INFO 1764 --- [    Test worker] o.s.s.concurrent.ThreadPoolTaskExecutor  : Initializing ExecutorService 'applicationTaskExecutor'
2021-04-28 20:09:25.967  INFO 1764 --- [    Test worker] o.s.b.a.w.s.WelcomePageHandlerMapping    : Adding welcome page template: index
2021-04-28 20:09:26.482  INFO 1764 --- [    Test worker] .s.s.UserDetailsServiceAutoConfiguration : 

Using generated security password: 70404e93-8cd2-4c7c-9b15-509175b0268a

2021-04-28 20:09:26.867  INFO 1764 --- [    Test worker] o.s.s.web.DefaultSecurityFilterChain     : Creating filter chain: any request, [org.springframework.security.web.context.request.async.WebAsyncManagerIntegrationFilter@46740f97, org.springframework.security.web.context.SecurityContextPersistenceFilter@79d10adc, org.springframework.security.web.header.HeaderWriterFilter@e63e5be, org.springframework.security.web.csrf.CsrfFilter@3321f624, org.springframework.security.web.authentication.logout.LogoutFilter@664d90f, org.springframework.security.web.authentication.UsernamePasswordAuthenticationFilter@45e56066, org.springframework.security.web.authentication.ui.DefaultLoginPageGeneratingFilter@a238731, org.springframework.security.web.authentication.ui.DefaultLogoutPageGeneratingFilter@2783d202, org.springframework.security.web.authentication.www.BasicAuthenticationFilter@67b6169d, org.springframework.security.web.savedrequest.RequestCacheAwareFilter@54e82793, org.springframework.security.web.servletapi.SecurityContextHolderAwareRequestFilter@45b776a5, org.springframework.security.web.authentication.AnonymousAuthenticationFilter@70563a91, org.springframework.security.web.session.SessionManagementFilter@324fa280, org.springframework.security.web.access.ExceptionTranslationFilter@3c623ed3, org.springframework.security.web.access.intercept.FilterSecurityInterceptor@6eda44e3]
2021-04-28 20:09:26.955  INFO 1764 --- [    Test worker] o.s.b.t.m.w.SpringBootMockServletContext : Initializing Spring TestDispatcherServlet ''
2021-04-28 20:09:26.956  INFO 1764 --- [    Test worker] o.s.t.web.servlet.TestDispatcherServlet  : Initializing Servlet ''
2021-04-28 20:09:26.991  INFO 1764 --- [    Test worker] o.s.t.web.servlet.TestDispatcherServlet  : Completed initialization in 35 ms
2021-04-28 20:09:27.052  INFO 1764 --- [    Test worker] m.s.springboot.web.HelloControllerTest   : Started HelloControllerTest in 2.508 seconds (JVM running for 21.909)
]]></system-out>
  <system-err><![CDATA[]]></system-err>
</testsuite>
